srun: Job step aborted: Waiting up to 32 seconds for job step to finish.
application called MPI_Abort(MPI_COMM_WORLD, 1) - process 18
In: PMI_Abort(1, application called MPI_Abort(MPI_COMM_WORLD, 1) - process 18)
application called MPI_Abort(MPI_COMM_WORLD, 1) - process 19
In: PMI_Abort(1, application called MPI_Abort(MPI_COMM_WORLD, 1) - process 19)
application called MPI_Abort(MPI_COMM_WORLD, 1) - process 5
In: PMI_Abort(1, application called MPI_Abort(MPI_COMM_WORLD, 1) - process 5)
application called MPI_Abort(MPI_COMM_WORLD, 1) - process 14
In: PMI_Abort(1, application called MPI_Abort(MPI_COMM_WORLD, 1) - process 14)
application called MPI_Abort(MPI_COMM_WORLD, 1) - process 13
In: PMI_Abort(1, application called MPI_Abort(MPI_COMM_WORLD, 1) - process 13)
application called MPI_Abort(MPI_COMM_WORLD, 1) - process 8
In: PMI_Abort(1, application called MPI_Abort(MPI_COMM_WORLD, 1) - process 8)
application called MPI_Abort(MPI_COMM_WORLD, 1) - process 26
In: PMI_Abort(1, application called MPI_Abort(MPI_COMM_WORLD, 1) - process 26)
application called MPI_Abort(MPI_COMM_WORLD, 1) - process 25
In: PMI_Abort(1, application called MPI_Abort(MPI_COMM_WORLD, 1) - process 25)
application called MPI_Abort(MPI_COMM_WORLD, 1) - process 2
In: PMI_Abort(1, application called MPI_Abort(MPI_COMM_WORLD, 1) - process 2)
application called MPI_Abort(MPI_COMM_WORLD, 1) - process 16
In: PMI_Abort(1, application called MPI_Abort(MPI_COMM_WORLD, 1) - process 16)
application called MPI_Abort(MPI_COMM_WORLD, 1) - process 0
In: PMI_Abort(1, application called MPI_Abort(MPI_COMM_WORLD, 1) - process 0)
application called MPI_Abort(MPI_COMM_WORLD, 1) - process 7
In: PMI_Abort(1, application called MPI_Abort(MPI_COMM_WORLD, 1) - process 7)
application called MPI_Abort(MPI_COMM_WORLD, 1) - process 17
In: PMI_Abort(1, application called MPI_Abort(MPI_COMM_WORLD, 1) - process 17)
application called MPI_Abort(MPI_COMM_WORLD, 1) - process 22
In: PMI_Abort(1, application called MPI_Abort(MPI_COMM_WORLD, 1) - process 22)
application called MPI_Abort(MPI_COMM_WORLD, 1) - process 20
In: PMI_Abort(1, application called MPI_Abort(MPI_COMM_WORLD, 1) - process 20)
application called MPI_Abort(MPI_COMM_WORLD, 1) - process 21
In: PMI_Abort(1, application called MPI_Abort(MPI_COMM_WORLD, 1) - process 21)
application called MPI_Abort(MPI_COMM_WORLD, 1) - process 24
In: PMI_Abort(1, application called MPI_Abort(MPI_COMM_WORLD, 1) - process 24)
application called MPI_Abort(MPI_COMM_WORLD, 1) - process 9
In: PMI_Abort(1, application called MPI_Abort(MPI_COMM_WORLD, 1) - process 9)
application called MPI_Abort(MPI_COMM_WORLD, 1) - process 12
In: PMI_Abort(1, application called MPI_Abort(MPI_COMM_WORLD, 1) - process 12)
application called MPI_Abort(MPI_COMM_WORLD, 1) - process 1
In: PMI_Abort(1, application called MPI_Abort(MPI_COMM_WORLD, 1) - process 1)
application called MPI_Abort(MPI_COMM_WORLD, 1) - process 11
In: PMI_Abort(1, application called MPI_Abort(MPI_COMM_WORLD, 1) - process 11)
application called MPI_Abort(MPI_COMM_WORLD, 1) - process 3
In: PMI_Abort(1, application called MPI_Abort(MPI_COMM_WORLD, 1) - process 3)
application called MPI_Abort(MPI_COMM_WORLD, 1) - process 27
In: PMI_Abort(1, application called MPI_Abort(MPI_COMM_WORLD, 1) - process 27)
application called MPI_Abort(MPI_COMM_WORLD, 1) - process 4
In: PMI_Abort(1, application called MPI_Abort(MPI_COMM_WORLD, 1) - process 4)
application called MPI_Abort(MPI_COMM_WORLD, 1) - process 6
In: PMI_Abort(1, application called MPI_Abort(MPI_COMM_WORLD, 1) - process 6)
application called MPI_Abort(MPI_COMM_WORLD, 1) - process 10
In: PMI_Abort(1, application called MPI_Abort(MPI_COMM_WORLD, 1) - process 10)
slurmstepd: error: *** STEP 4026667.0 ON f197 CANCELLED AT 2020-03-08T17:11:23 ***
application called MPI_Abort(MPI_COMM_WORLD, 1) - process 15
In: PMI_Abort(1, application called MPI_Abort(MPI_COMM_WORLD, 1) - process 15)
application called MPI_Abort(MPI_COMM_WORLD, 1) - process 23
In: PMI_Abort(1, application called MPI_Abort(MPI_COMM_WORLD, 1) - process 23)
srun: error: f197: tasks 0-4,6-17,20-27: Killed
srun: Terminating job step 4026667.0
srun: error: f197: tasks 5,18-19: Exited with exit code 1
srun: Job step aborted: Waiting up to 32 seconds for job step to finish.
application called MPI_Abort(MPI_COMM_WORLD, 1) - process 22
In: PMI_Abort(1, application called MPI_Abort(MPI_COMM_WORLD, 1) - process 22)
application called MPI_Abort(MPI_COMM_WORLD, 1) - process 9
In: PMI_Abort(1, application called MPI_Abort(MPI_COMM_WORLD, 1) - process 9)
application called MPI_Abort(MPI_COMM_WORLD, 1) - process 25
In: PMI_Abort(1, application called MPI_Abort(MPI_COMM_WORLD, 1) - process 25)
application called MPI_Abort(MPI_COMM_WORLD, 1) - process 21
In: PMI_Abort(1, application called MPI_Abort(MPI_COMM_WORLD, 1) - process 21)
application called MPI_Abort(MPI_COMM_WORLD, 1) - process 2
In: PMI_Abort(1, application called MPI_Abort(MPI_COMM_WORLD, 1) - process 2)
application called MPI_Abort(MPI_COMM_WORLD, 1) - process 15
In: PMI_Abort(1, application called MPI_Abort(MPI_COMM_WORLD, 1) - process 15)
application called MPI_Abort(MPI_COMM_WORLD, 1) - process 12
In: PMI_Abort(1, application called MPI_Abort(MPI_COMM_WORLD, 1) - process 12)
application called MPI_Abort(MPI_COMM_WORLD, 1) - process 6
In: PMI_Abort(1, application called MPI_Abort(MPI_COMM_WORLD, 1) - process 6)
application called MPI_Abort(MPI_COMM_WORLD, 1) - process 24
In: PMI_Abort(1, application called MPI_Abort(MPI_COMM_WORLD, 1) - process 24)
application called MPI_Abort(MPI_COMM_WORLD, 1) - process 5
In: PMI_Abort(1, application called MPI_Abort(MPI_COMM_WORLD, 1) - process 5)
application called MPI_Abort(MPI_COMM_WORLD, 1) - process 7
In: PMI_Abort(1, application called MPI_Abort(MPI_COMM_WORLD, 1) - process 7)
application called MPI_Abort(MPI_COMM_WORLD, 1) - process 11
In: PMI_Abort(1, application called MPI_Abort(MPI_COMM_WORLD, 1) - process 11)
application called MPI_Abort(MPI_COMM_WORLD, 1) - process 17
In: PMI_Abort(1, application called MPI_Abort(MPI_COMM_WORLD, 1) - process 17)
application called MPI_Abort(MPI_COMM_WORLD, 1) - process 8
In: PMI_Abort(1, application called MPI_Abort(MPI_COMM_WORLD, 1) - process 8)
application called MPI_Abort(MPI_COMM_WORLD, 1) - process 14
In: PMI_Abort(1, application called MPI_Abort(MPI_COMM_WORLD, 1) - process 14)
application called MPI_Abort(MPI_COMM_WORLD, 1) - process 27
In: PMI_Abort(1, application called MPI_Abort(MPI_COMM_WORLD, 1) - process 27)
application called MPI_Abort(MPI_COMM_WORLD, 1) - process 23
In: PMI_Abort(1, application called MPI_Abort(MPI_COMM_WORLD, 1) - process 23)
application called MPI_Abort(MPI_COMM_WORLD, 1) - process 19
In: PMI_Abort(1, application called MPI_Abort(MPI_COMM_WORLD, 1) - process 19)
application called MPI_Abort(MPI_COMM_WORLD, 1) - process 0
In: PMI_Abort(1, application called MPI_Abort(MPI_COMM_WORLD, 1) - process 0)
application called MPI_Abort(MPI_COMM_WORLD, 1) - process 20
In: PMI_Abort(1, application called MPI_Abort(MPI_COMM_WORLD, 1) - process 20)
application called MPI_Abort(MPI_COMM_WORLD, 1) - process 18
In: PMI_Abort(1, application called MPI_Abort(MPI_COMM_WORLD, 1) - process 18)
application called MPI_Abort(MPI_COMM_WORLD, 1) - process 10
In: PMI_Abort(1, application called MPI_Abort(MPI_COMM_WORLD, 1) - process 10)
application called MPI_Abort(MPI_COMM_WORLD, 1) - process 4
In: PMI_Abort(1, application called MPI_Abort(MPI_COMM_WORLD, 1) - process 4)
application called MPI_Abort(MPI_COMM_WORLD, 1) - process 3
In: PMI_Abort(1, application called MPI_Abort(MPI_COMM_WORLD, 1) - process 3)
application called MPI_Abort(MPI_COMM_WORLD, 1) - process 13
In: PMI_Abort(1, application called MPI_Abort(MPI_COMM_WORLD, 1) - process 13)
application called MPI_Abort(MPI_COMM_WORLD, 1) - process 26
In: PMI_Abort(1, application called MPI_Abort(MPI_COMM_WORLD, 1) - process 26)
application called MPI_Abort(MPI_COMM_WORLD, 1) - process 16
In: PMI_Abort(1, application called MPI_Abort(MPI_COMM_WORLD, 1) - process 16)
application called MPI_Abort(MPI_COMM_WORLD, 1) - process 1
In: PMI_Abort(1, application called MPI_Abort(MPI_COMM_WORLD, 1) - process 1)
slurmstepd: error: *** STEP 4026667.1 ON f197 CANCELLED AT 2020-03-08T17:11:26 ***
srun: error: f197: tasks 0-1,3-8,10-14,16-20,23-24,26-27: Killed
srun: Terminating job step 4026667.1
srun: error: f197: tasks 2,9,15,21-22,25: Exited with exit code 1
srun: Job step aborted: Waiting up to 32 seconds for job step to finish.
srun: error: f197: task 0: Exited with exit code 1
srun: Terminating job step 4026667.2
application called MPI_Abort(MPI_COMM_WORLD, 1) - process 0
In: PMI_Abort(1, application called MPI_Abort(MPI_COMM_WORLD, 1) - process 0)
slurmstepd: error: *** STEP 4026667.2 ON f197 CANCELLED AT 2020-03-08T17:11:26 ***
srun: Job step aborted: Waiting up to 32 seconds for job step to finish.
srun: error: f197: task 0: Exited with exit code 1
srun: Terminating job step 4026667.3
application called MPI_Abort(MPI_COMM_WORLD, 1) - process 0
In: PMI_Abort(1, application called MPI_Abort(MPI_COMM_WORLD, 1) - process 0)
slurmstepd: error: *** STEP 4026667.3 ON f197 CANCELLED AT 2020-03-08T17:11:27 ***
